<?xml version="1.0" encoding="UTF-8"?>
<testng-results ignored="5" total="6" passed="0" failed="1" skipped="0">
  <reporter-output>
    <line>
      <![CDATA[Homepage is displayed]]>
    </line>
    <line>
      <![CDATA[Login page is displayed]]>
    </line>
    <line>
      <![CDATA[LoginToContinue Page is displayed]]>
    </line>
    <line>
      <![CDATA[Boards page is displayed]]>
    </line>
    <line>
      <![CDATA[UserBoardPage is displayed]]>
    </line>
    <line>
      <![CDATA[logout page is displayed]]>
    </line>
    <line>
      <![CDATA[Homepage is displayed]]>
    </line>
  </reporter-output>
  <suite started-at="2023-08-21T10:19:33 IST" name="Default suite" finished-at="2023-08-21T10:20:26 IST" duration-ms="53272">
    <groups>
    </groups>
    <test started-at="2023-08-21T10:19:33 IST" name="Default test" finished-at="2023-08-21T10:20:26 IST" duration-ms="53272">
      <class name="boards.info.trello.testcases.MyTestCases">
        <test-method is-config="true" signature="configBeforeMethod()[pri:0, instance:boards.info.trello.testcases.MyTestCases@359f7cdf]" started-at="2023-08-21T10:19:33 IST" name="configBeforeMethod" finished-at="2023-08-21T10:19:38 IST" duration-ms="5397" status="PASS">
          <reporter-output>
          </reporter-output>
        </test-method> <!-- configBeforeMethod -->
        <test-method signature="trelloCreateMultipleListAndSwapInCreateBoard()[pri:0, instance:boards.info.trello.testcases.MyTestCases@359f7cdf]" started-at="2023-08-21T10:19:38 IST" name="trelloCreateMultipleListAndSwapInCreateBoard" finished-at="2023-08-21T10:20:26 IST" duration-ms="47392" status="FAIL">
          <exception class="java.lang.AssertionError">
            <message>
              <![CDATA[The following asserts failed:
Position is not swapped properly expected [true] but found [false]]]>
            </message>
            <full-stacktrace>
              <![CDATA[java.lang.AssertionError: The following asserts failed:
Position is not swapped properly expected [true] but found [false]
at org.testng.asserts.SoftAssert.assertAll(SoftAssert.java:47)
at org.testng.asserts.SoftAssert.assertAll(SoftAssert.java:31)
at boards.info.trello.testcases.MyTestCases.trelloCreateMultipleListAndSwapInCreateBoard(MyTestCases.java:417)
at java.base/jdk.internal.reflect.DirectMethodHandleAccessor.invoke(DirectMethodHandleAccessor.java:104)
at java.base/java.lang.reflect.Method.invoke(Method.java:578)
at org.testng.internal.MethodInvocationHelper.invokeMethod(MethodInvocationHelper.java:133)
at org.testng.internal.TestInvoker.invokeMethod(TestInvoker.java:598)
at org.testng.internal.TestInvoker.invokeTestMethod(TestInvoker.java:173)
at org.testng.internal.MethodRunner.runInSequence(MethodRunner.java:46)
at org.testng.internal.TestInvoker$MethodInvocationAgent.invoke(TestInvoker.java:824)
at org.testng.internal.TestInvoker.invokeTestMethods(TestInvoker.java:146)
at org.testng.internal.TestMethodWorker.invokeTestMethods(TestMethodWorker.java:146)
at org.testng.internal.TestMethodWorker.run(TestMethodWorker.java:128)
at java.base/java.util.ArrayList.forEach(ArrayList.java:1511)
at org.testng.TestRunner.privateRun(TestRunner.java:794)
at org.testng.TestRunner.run(TestRunner.java:596)
at org.testng.SuiteRunner.runTest(SuiteRunner.java:377)
at org.testng.SuiteRunner.runSequentially(SuiteRunner.java:371)
at org.testng.SuiteRunner.privateRun(SuiteRunner.java:332)
at org.testng.SuiteRunner.run(SuiteRunner.java:276)
at org.testng.SuiteRunnerWorker.runSuite(SuiteRunnerWorker.java:53)
at org.testng.SuiteRunnerWorker.run(SuiteRunnerWorker.java:96)
at org.testng.TestNG.runSuitesSequentially(TestNG.java:1212)
at org.testng.TestNG.runSuitesLocally(TestNG.java:1134)
at org.testng.TestNG.runSuites(TestNG.java:1063)
at org.testng.TestNG.run(TestNG.java:1031)
at org.testng.remote.AbstractRemoteTestNG.run(AbstractRemoteTestNG.java:115)
at org.testng.remote.RemoteTestNG.initAndRun(RemoteTestNG.java:251)
at org.testng.remote.RemoteTestNG.main(RemoteTestNG.java:77)
]]>
            </full-stacktrace>
          </exception> <!-- java.lang.AssertionError -->
          <reporter-output>
            <line>
              <![CDATA[Homepage is displayed]]>
            </line>
            <line>
              <![CDATA[Login page is displayed]]>
            </line>
            <line>
              <![CDATA[LoginToContinue Page is displayed]]>
            </line>
            <line>
              <![CDATA[Boards page is displayed]]>
            </line>
            <line>
              <![CDATA[UserBoardPage is displayed]]>
            </line>
            <line>
              <![CDATA[logout page is displayed]]>
            </line>
            <line>
              <![CDATA[Homepage is displayed]]>
            </line>
          </reporter-output>
        </test-method> <!-- trelloCreateMultipleListAndSwapInCreateBoard -->
        <test-method is-config="true" signature="configAfterMethod()[pri:0, instance:boards.info.trello.testcases.MyTestCases@359f7cdf]" started-at="2023-08-21T10:20:26 IST" name="configAfterMethod" finished-at="2023-08-21T10:20:26 IST" duration-ms="435" status="PASS">
          <reporter-output>
          </reporter-output>
        </test-method> <!-- configAfterMethod -->
      </class> <!-- boards.info.trello.testcases.MyTestCases -->
    </test> <!-- Default test -->
  </suite> <!-- Default suite -->
</testng-results>
